<?xml version="1.0" encoding="UTF-8"?>
<testsuite name="Scenarios defining sample integration tests" tests="1" skipped="0" failures="0" errors="0" timestamp="2018-01-22T02:25:56" hostname="x1carbon" time="0.355">
  <properties/>
  <testcase name="Sample Integration test" classname="Scenarios defining sample integration tests" time="0.355"/>
  <system-out><![CDATA[Request URL is {http://localhost:8080/person?email=john@sample.org}
21:25:56.798 [Test worker] DEBUG org.springframework.web.client.RestTemplate - Created GET request for "http://localhost:8080/person?email=john@sample.org"
21:25:56.830 [Test worker] DEBUG org.springframework.web.client.RestTemplate - Setting request Accept header to [application/json, application/*+json]
21:25:56.847 [Test worker] DEBUG org.springframework.web.client.RestTemplate - GET request for "http://localhost:8080/person?email=john@sample.org" resulted in 200 (null)
21:25:56.848 [Test worker] DEBUG org.springframework.web.client.RestTemplate - Reading [class org.sample.personservice.model.Person] as "application/json;charset=UTF-8" using [org.springframework.http.converter.json.MappingJackson2HttpMessageConverter@3f4da183]
]]></system-out>
  <system-err><![CDATA[]]></system-err>
</testsuite>
