<?xml version="1.0" encoding="UTF-8"?>
<testsuite name="org.sample.test.unit.PersonServiceTest" tests="1" skipped="1" failures="0" errors="0" timestamp="2018-01-22T02:39:32" hostname="x1carbon" time="0.0">
  <properties/>
  <testcase name="testLookup" classname="org.sample.test.unit.PersonServiceTest" time="0.0">
    <skipped/>
  </testcase>
  <system-out><![CDATA[]]></system-out>
  <system-err><![CDATA[]]></system-err>
</testsuite>
