<?xml version="1.0" encoding="UTF-8"?>
<testsuite name="org.sample.test.CucumberUnitTestRunner" tests="0" skipped="0" failures="0" errors="0" timestamp="1970-01-01T00:00:00" hostname="x1carbon" time="0.0">
  <properties/>
  <system-out><![CDATA[
2 Scenarios (?[32m2 passed?[0m)
6 Steps (?[32m6 passed?[0m)
0m0.125s

]]></system-out>
  <system-err><![CDATA[]]></system-err>
</testsuite>
