<?xml version="1.0" encoding="UTF-8"?>
<testsuite name="org.sample.cucumber.CucumberUnitTestRunner" tests="0" skipped="0" failures="0" errors="0" timestamp="1970-01-01T00:00:00" hostname="x1carbon" time="0.0">
  <properties/>
  <system-out><![CDATA[
1 Scenarios (?[32m1 passed?[0m)
3 Steps (?[32m3 passed?[0m)
0m0.132s

]]></system-out>
  <system-err><![CDATA[]]></system-err>
</testsuite>
